[22:00:59] [main/INFO]: Loading Minecraft 1.21.8 with Fabric Loader 0.18.4
[22:00:59] [main/WARN]: Warnings were found!
 - 模组 'OptiGUI' (optigui) 2.3.0-beta.9+1.21.6 建议安装 animatica 的 任意版本，但没有安装它！
	 - 为了最佳体验，您应该安装 animatica 的 任意版本。
[22:00:59] [main/INFO]: Loading 119 mods:
	- appleskin 3.0.6+mc1.21.6
	- architectury 17.0.8
	- cloth-config 19.0.147
	   \-- cloth-basic-math 0.6.1
	- dynamic_fps 3.11.3
	   \-- net_lostluma_battery 2.0.0
	- e4mc_minecraft 5.5.4
	   \-- folk_sisby_kaleido-config 0.3.3+1.3.2
	- entity_model_features 3.0.10
	- entity_texture_features 7.0.8
	- entityculling 1.9.5
	   |-- transition 1.0.11
	   \-- trender 1.0.10
	- fabric-api 0.136.1+1.21.8
	   |-- fabric-api-base 0.5.0+cd8c0daa2c
	   |-- fabric-api-lookup-api-v1 1.6.101+946bf4c32c
	   |-- fabric-biome-api-v1 16.1.0+c21d71cc2c
	   |-- fabric-block-api-v1 1.1.3+946bf4c32c
	   |-- fabric-block-view-api-v2 1.0.31+946bf4c32c
	   |-- fabric-command-api-v2 2.3.1+52fff9ec2c
	   |-- fabric-content-registries-v0 10.1.0+c75de69d2c
	   |-- fabric-convention-tags-v1 2.1.41+7f945d5b2c
	   |-- fabric-convention-tags-v2 2.15.6+eb5df52f2c
	   |-- fabric-crash-report-info-v1 0.3.15+946bf4c32c
	   |-- fabric-data-attachment-api-v1 1.8.14+97214db32c
	   |-- fabric-data-generation-api-v1 23.2.8+2e1c6d322c
	   |-- fabric-dimensions-v1 4.0.20+948fc79a2c
	   |-- fabric-entity-events-v1 2.1.2+c9e472732c
	   |-- fabric-events-interaction-v0 4.0.26+946bf4c32c
	   |-- fabric-game-rule-api-v1 1.0.73+c64c9c5b2c
	   |-- fabric-item-api-v1 11.5.0+02ce13f42c
	   |-- fabric-item-group-api-v1 4.2.14+c5f9bbc12c
	   |-- fabric-key-binding-api-v1 1.0.65+946bf4c32c
	   |-- fabric-lifecycle-events-v1 2.6.4+db4dfd852c
	   |-- fabric-loot-api-v2 3.0.56+3f89f5a52c
	   |-- fabric-loot-api-v3 2.0.3+946bf4c32c
	   |-- fabric-message-api-v1 6.1.2+946bf4c32c
	   |-- fabric-model-loading-api-v1 5.2.8+946bf4c32c
	   |-- fabric-networking-api-v1 5.1.0+57cb96dd2c
	   |-- fabric-object-builder-api-v1 21.1.10+946bf4c32c
	   |-- fabric-particles-v1 4.1.10+946bf4c32c
	   |-- fabric-recipe-api-v1 8.1.17+946bf4c32c
	   |-- fabric-registry-sync-v0 6.1.30+946bf4c32c
	   |-- fabric-renderer-api-v1 7.0.5+208eed172c
	   |-- fabric-renderer-indigo 4.0.5+946bf4c32c
	   |-- fabric-rendering-fluids-v1 3.1.31+fa6cb72b2c
	   |-- fabric-rendering-v1 12.6.0+486b7ff72c
	   |-- fabric-resource-conditions-api-v1 5.0.25+98e6d6db2c
	   |-- fabric-resource-loader-v0 3.1.12+020423442c
	   |-- fabric-screen-api-v1 2.2.0+e0cb65d02c
	   |-- fabric-screen-handler-api-v1 1.3.139+946bf4c32c
	   |-- fabric-serialization-api-v1 1.0.0+fc0e5aba2c
	   |-- fabric-sound-api-v1 1.0.42+946bf4c32c
	   |-- fabric-tag-api-v1 1.2.2+946bf4c32c
	   |-- fabric-transfer-api-v1 6.0.6+946bf4c32c
	   \-- fabric-transitive-access-wideners-v1 6.5.0+c847ce762c
	- fabric-language-kotlin 1.13.8+kotlin.2.3.0
	   |-- org_jetbrains_kotlin_kotlin-reflect 2.3.0
	   |-- org_jetbrains_kotlin_kotlin-stdlib 2.3.0
	   |-- org_jetbrains_kotlin_kotlin-stdlib-jdk7 2.3.0
	   |-- org_jetbrains_kotlin_kotlin-stdlib-jdk8 2.3.0
	   |-- org_jetbrains_kotlinx_atomicfu-jvm 0.29.0
	   |-- org_jetbrains_kotlinx_kotlinx-coroutines-core-jvm 1.10.2
	   |-- org_jetbrains_kotlinx_kotlinx-coroutines-jdk8 1.10.2
	   |-- org_jetbrains_kotlinx_kotlinx-datetime-jvm 0.7.1
	   |-- org_jetbrains_kotlinx_kotlinx-io-bytestring-jvm 0.8.2
	   |-- org_jetbrains_kotlinx_kotlinx-io-core-jvm 0.8.2
	   |-- org_jetbrains_kotlinx_kotlinx-serialization-cbor-jvm 1.9.0
	   |-- org_jetbrains_kotlinx_kotlinx-serialization-core-jvm 1.9.0
	   \-- org_jetbrains_kotlinx_kotlinx-serialization-json-jvm 1.9.0
	- fabricloader 0.18.4
	   \-- mixinextras 0.5.0
	- fabrishot 1.16.2
	- fastquit 3.1.1+mc1.21.6
	- ferritecore 8.0.0
	- forgeconfigapiport 21.8.2
	   |-- com_electronwill_night-config_core 3.8.3
	   \-- com_electronwill_night-config_toml 3.8.3
	- immediatelyfast 1.12.4+1.21.8
	   \-- net_lenni0451_reflect 1.6.1+curseforge
	- iris 1.9.6+mc1.21.8
	   |-- io_github_douira_glsl-transformer 3.0.0-pre3
	   |-- org_anarres_jcpp 1.4.14
	   \-- org_antlr_antlr4-runtime 4.13.1
	- isxander-main-menu-credits 1.2.0
	- java 21
	- lambdynlights 4.8.7+1.21.8
	   \-- lambdynlights_runtime 4.8.7+1.21.8
	        |-- lambdynlights_api 4.8.7+1.21.8
	        |    |-- yumi_commons_collections 1.0.0
	        |    |-- yumi_commons_core 1.0.0
	        |    \-- yumi_commons_event 1.0.0
	        |-- pride 1.4.4+1.21.8
	        |-- spruceui 8.0.4+1.21.8
	        \-- yumi_mc_core 1.0.0-beta.1+1.21.1
	             |-- yumi_commons_collections 1.0.0
	             |-- yumi_commons_core 1.0.0
	             \-- yumi_commons_event 1.0.0
	- languagereload 1.7.5+1.21.8
	- lithium 0.18.1+mc1.21.8
	- minecraft 1.21.8
	- mixintrace 1.1.1+1.17
	- modelfix 1.21.5-1.12
	- modmenu 15.0.0
	   \-- placeholder-api 2.7.2+1.21.8
	- morechathistory 1.3.1
	- moreculling 1.4.0-beta.2
	   |-- conditional-mixin 0.6.3
	   \-- mixinsquared 0.2.0
	- nochatreports 1.21.8-v2.15.0
	- optigui 2.3.0-beta.9+1.21.6
	   |-- org_apache_commons_commons-text 1.12.0
	   \-- org_ini4j_ini4j 0.5.4
	- paginatedadvancements 2.7.0+1.21.8
	- puzzle 2.3.0
	   \-- midnightlib 1.9.2
	- redeploy 1.0.0
	- reeses-sodium-options 1.8.4+mc1.21.6
	- rrls 5.1.10+mc1.21.8-fabric
	- sodium 0.7.3+mc1.21.8
	- sodium-extra 0.7.0+mc1.21.8
	- tachud 1.0.0
[22:01:00] [main/INFO]: SpongePowered MIXIN Subsystem Version=0.8.7 Source=file:/F:/.minecraft/libraries/net/fabricmc/sponge-mixin/0.17.0+mixin.0.8.7/sponge-mixin-0.17.0+mixin.0.8.7.jar Service=Knot/Fabric Env=CLIENT
[22:01:00] [main/INFO]: Compatibility level set to JAVA_21
[22:01:00] [main/WARN]: Reference map 'forgeconfigapiport.common.refmap.json' for forgeconfigapiport.common.mixins.json could not be read. If this is a development environment you can ignore this message
[22:01:00] [main/WARN]: Reference map 'iris.refmap.json' for mixins.iris.json could not be read. If this is a development environment you can ignore this message
[22:01:00] [main/WARN]: Reference map 'iris-fabric.refmap.json' for mixins.iris.fabric.json could not be read. If this is a development environment you can ignore this message
[22:01:00] [main/WARN]: Reference map 'iris.refmap.json' for iris-batched-entity-rendering.mixins.json could not be read. If this is a development environment you can ignore this message
[22:01:00] [main/WARN]: Reference map 'iris.refmap.json' for mixins.iris.fantastic.json could not be read. If this is a development environment you can ignore this message
[22:01:00] [main/WARN]: Reference map 'iris.refmap.json' for mixins.iris.vertexformat.json could not be read. If this is a development environment you can ignore this message
[22:01:00] [main/WARN]: Reference map 'iris.refmap.json' for mixins.iris.bettermipmaps.json could not be read. If this is a development environment you can ignore this message
[22:01:00] [main/WARN]: Reference map 'iris.refmap.json' for mixins.iris.compat.sodium.json could not be read. If this is a development environment you can ignore this message
[22:01:00] [main/WARN]: Reference map 'iris.refmap.json' for mixins.iris.fixes.maxfpscrash.json could not be read. If this is a development environment you can ignore this message
[22:01:00] [main/WARN]: Mod 'ferritecore' attempted to override option 'mixin.alloc.blockstate', which doesn't exist, ignoring
[22:01:00] [main/INFO]: Loaded configuration file for Lithium: 164 options available, 0 override(s) found.
[22:01:00] [main/INFO]: Loaded configuration file for Sodium: 42 options available, 1 override(s) found
[22:01:00] [main/INFO]: Loaded configuration file for Sodium Extra: 33 options available, 0 override(s) found
[22:01:00] [main/WARN]: Error loading class: dev/tr7zw/skinlayers/render/CustomizableModelPart (java.lang.ClassNotFoundException: dev/tr7zw/skinlayers/render/CustomizableModelPart)
[22:01:01] [main/WARN]: Force-disabling mixin 'features.render.world.sky.FogRendererMixin' as rule 'mixin.features.render.world.sky' (added by mods [iris]) disables it and children
[22:01:01] [main/WARN]: Force-disabling mixin 'features.render.world.sky.ClientLevelMixin' as rule 'mixin.features.render.world.sky' (added by mods [iris]) disables it and children
[22:01:01] [main/WARN]: Force-disabling mixin 'features.render.world.sky.LevelRendererMixin' as rule 'mixin.features.render.world.sky' (added by mods [iris]) disables it and children
[22:01:01] [main/INFO]: Searching for graphics cards...
[22:01:01] [main/INFO]: Found graphics adapter: AdapterInfo{vendor=AMD, description='AMD Radeon RX 6700 XT', adapterType=0x0000230B, openglIcdFilePath='C:\WINDOWS\System32\DriverStore\FileRepository\u0202073.inf_amd64_3c7f18bc022bf004\B026184\atig6pxx.dll', openglIcdVersion=32.0.21043.19003}
[22:01:01] [main/INFO]: Initializing MixinExtras via com.llamalad7.mixinextras.service.MixinExtrasServiceImpl(version=0.5.0).
[22:01:02] [Datafixer Bootstrap/INFO]: 269 Datafixer optimizations took 464 milliseconds
[22:01:03] [main/WARN]: Invalid registry value type detected for PerfOS counters. Should be REG_DWORD. Ignoring: HKEY_LOCAL_MACHINE\SYSTEM\CurrentControlSet\Services\PerfOS\Performance\Disable Performance Counters.
[22:01:10] [Render thread/INFO]: Environment: Environment[sessionHost=https://sessionserver.mojang.com, servicesHost=https://api.minecraftservices.com, name=PROD]
[22:01:10] [Render thread/INFO]: Setting user: Mrkun114514
[22:01:10] [Render thread/INFO]: [TacHUD] config loaded from F:\.minecraft\versions\1.21.8-Fabric 0.18.4\config\tachud.json
[22:01:10] [Render thread/INFO]: Registering S2C receiver with id tachud:kill
[22:01:10] [Render thread/INFO]: Registering S2C receiver with id tachud:hit
[22:01:10] [Render thread/INFO]: [TacHUD] common init complete
[22:01:10] [Render thread/INFO]: Registering S2C receiver with id architectury:spawn_entity_packet
[22:01:10] [Render thread/INFO]: [ETF]: Modifying ETF Render State constructor because: for EMF
[22:01:10] [Render thread/INFO]: Loading Entity Model Features, 100% of the time it works 90% of the time!
[22:01:10] [Render thread/INFO]: [ETF]: 6 new ETF Random Properties registered by entity_model_features
[22:01:10] [Render thread/INFO]: Loading Entity Texture Features, one of the mods ever made!
[22:01:10] [Render thread/INFO]: [Indigo] Different rendering plugin detected; not applying Indigo.
[22:01:10] [Render thread/INFO]: [FastQuit] Initialized
[22:01:11] [Render thread/INFO]: Loaded config modelfix-client.json
[22:01:11] [Render thread/INFO]: Checking mod updates...
[22:01:11] [Render thread/INFO]: [TacHUD] client init complete
[22:01:11] [Render thread/INFO]: [STDOUT]: [LibGui] Initializing Client...
[22:01:11] [Render thread/INFO]: Initializing mods (entrypoint yumi:init)...
[22:01:11] [Render thread/INFO]: [LambDynLights] Initializing LambDynamicLights...
[22:01:11] [Render thread/INFO]: [LambDynLights] Configuration loaded.
[22:01:12] [ModMenu/Update Checker/Fabric Loader/INFO]: Update available for 'fabricloader@0.18.4'
[22:01:12] [Render thread/INFO]: Backend library: LWJGL version 3.3.3-snapshot
[22:01:12] [Worker-Main-1/INFO]: Update available for 'immediatelyfast@1.12.4+1.21.8', (-> 1.12.6+1.21.8-fabric)
[22:01:12] [Worker-Main-1/INFO]: Update available for 'languagereload@1.7.5+1.21.8', (-> 1.7.6+1.21.8)
[22:01:12] [Worker-Main-1/INFO]: Update available for 'entity_texture_features@7.0.8', (-> 7.1-fabric-1.21.6)
[22:01:12] [Worker-Main-1/INFO]: Update available for 'fabric-language-kotlin@1.13.8+kotlin.2.3.0', (-> 1.13.13+kotlin.2.4.10)
[22:01:12] [Worker-Main-1/INFO]: Update available for 'ferritecore@8.0.0', (-> 8.0.4-fabric)
[22:01:12] [Worker-Main-1/INFO]: Update available for 'entityculling@1.9.5', (-> 1.10.5)
[22:01:12] [Worker-Main-1/INFO]: Update available for 'e4mc_minecraft@5.5.4', (-> 6.2.0-fabric)
[22:01:12] [Worker-Main-1/INFO]: Update available for 'modmenu@15.0.0', (-> 15.0.2)
[22:01:12] [Worker-Main-1/INFO]: Update available for 'dynamic_fps@3.11.3', (-> 3.11.4)
[22:01:12] [Worker-Main-1/INFO]: Update available for 'entity_model_features@3.0.10', (-> 3.2.4-fabric-1.21.6)
[22:01:13] [ForkJoinPool.commonPool-worker-1/WARN]: [Iris Update Check] This version doesn't have an update index, skipping.
[22:01:13] [Render thread/INFO]: Initializing ImmediatelyFast 1.12.4+1.21.8 on AMD Radeon RX 6700 XT (ATI Technologies Inc.) with OpenGL 3.2.0 Core Profile Context 26.6.4.260608
[22:01:13] [Render thread/INFO]: Found Iris 1.9.6+mc1.21.8. Enabling compatibility.
[22:01:13] [Render thread/INFO]: Debug functionality is disabled.
[22:01:13] [Render thread/INFO]: ARB_direct_state_access detected, enabling DSA.
[22:01:14] [Render thread/INFO]: Shaders are disabled because enableShaders is set to false in iris.properties
[22:01:14] [Render thread/INFO]: OpenGL Vendor: ATI Technologies Inc.
[22:01:14] [Render thread/INFO]: OpenGL Renderer: AMD Radeon RX 6700 XT
[22:01:14] [Render thread/INFO]: OpenGL Version: 3.2.0 Core Profile Context 26.6.4.260608
[22:01:14] [Render thread/INFO]: Using optional rendering extensions: GL_ARB_buffer_storage, GL_KHR_debug, GL_ARB_vertex_attrib_binding, GL_ARB_direct_state_access
[22:01:14] [Render thread/WARN]: Missing metadata in pack file/xray.zip
[22:01:14] [Render thread/INFO]: Creating new resource manager!
[22:01:14] [Render thread/INFO]: Quick reload listener 'class_1076'
[22:01:14] [Render thread/INFO]: Quick reload listener 'Shader Loader'
[22:01:14] [Render thread/INFO]: Quick reload listener 'class_4008'
[22:01:14] [Render thread/INFO]: Quick reload listener 'class_378'
[22:01:14] [Worker-Main-7/INFO]: Found unifont_pua-16.0.03.hex, loading
[22:01:14] [Worker-Main-9/INFO]: Found unifont_all_no_pua-16.0.03.hex, loading
[22:01:14] [Worker-Main-1/INFO]: Found unifont_jp_patch-16.0.03.hex, loading
[22:01:14] [Render thread/INFO]: Quick reload listener 'class_8658'
[22:01:14] [Render thread/INFO]: Hardware information:
[22:01:14] [Render thread/INFO]: CPU: 12x AMD Ryzen 5 5600 6-Core Processor 
[22:01:14] [Render thread/INFO]: GPU: AMD Radeon RX 6700 XT (Supports OpenGL 3.2.0 Core Profile Context 26.6.4.260608)
[22:01:14] [Render thread/INFO]: OS: Windows 11 (10.0)
[22:01:14] [Render thread/ERROR]: Mixin apply for mod tachud failed tachud.mixins.json:GuiMixin from mod tachud -> net.minecraft.class_329: org.spongepowered.asm.mixin.injection.throwables.InvalidInjectionException Critical injection failure: @Inject annotation on tachud$cancelXpBar could not find any targets matching 'renderExperienceBar' in net/minecraft/class_329. Using refmap tachud-fabric-fabric-refmap.json [INJECT_PREPARE Applicator Phase -> tachud.mixins.json:GuiMixin from mod tachud -> Prepare Injections -> handler$dhd000$tachud$cancelXpBar(Lnet/minecraft/class_332;ILorg/spongepowered/asm/mixin/injection/callback/CallbackInfo;)V -> Parse ->  -> Validate Targets]
org.spongepowered.asm.mixin.injection.throwables.InvalidInjectionException: Critical injection failure: @Inject annotation on tachud$cancelXpBar could not find any targets matching 'renderExperienceBar' in net/minecraft/class_329. Using refmap tachud-fabric-fabric-refmap.json [INJECT_PREPARE Applicator Phase -> tachud.mixins.json:GuiMixin from mod tachud -> Prepare Injections -> handler$dhd000$tachud$cancelXpBar(Lnet/minecraft/class_332;ILorg/spongepowered/asm/mixin/injection/callback/CallbackInfo;)V -> Parse ->  -> Validate Targets]
	at org.spongepowered.asm.mixin.injection.selectors.TargetSelectors.validate(TargetSelectors.java:346) ~[sponge-mixin-0.17.0+mixin.0.8.7.jar:0.17.0+mixin.0.8.7]
	at org.spongepowered.asm.mixin.injection.struct.InjectionInfo.readAnnotation(InjectionInfo.java:369) ~[sponge-mixin-0.17.0+mixin.0.8.7.jar:0.17.0+mixin.0.8.7]
	at org.spongepowered.asm.mixin.injection.struct.InjectionInfo.<init>(InjectionInfo.java:340) ~[sponge-mixin-0.17.0+mixin.0.8.7.jar:0.17.0+mixin.0.8.7]
	at org.spongepowered.asm.mixin.injection.struct.InjectionInfo.<init>(InjectionInfo.java:331) ~[sponge-mixin-0.17.0+mixin.0.8.7.jar:0.17.0+mixin.0.8.7]
	at org.spongepowered.asm.mixin.injection.struct.CallbackInjectionInfo.<init>(CallbackInjectionInfo.java:48) ~[sponge-mixin-0.17.0+mixin.0.8.7.jar:0.17.0+mixin.0.8.7]
	at java.base/jdk.internal.reflect.DirectConstructorHandleAccessor.newInstance(DirectConstructorHandleAccessor.java:62) ~[?:?]
	at java.base/java.lang.reflect.Constructor.newInstanceWithCaller(Constructor.java:502) ~[?:?]
	at java.base/java.lang.reflect.Constructor.newInstance(Constructor.java:486) ~[?:?]
	at org.spongepowered.asm.mixin.injection.struct.InjectionInfo$InjectorEntry.create(InjectionInfo.java:196) ~[sponge-mixin-0.17.0+mixin.0.8.7.jar:0.17.0+mixin.0.8.7]
	at org.spongepowered.asm.mixin.injection.struct.InjectionInfo.parse(InjectionInfo.java:664) ~[sponge-mixin-0.17.0+mixin.0.8.7.jar:0.17.0+mixin.0.8.7]
	at org.spongepowered.asm.mixin.transformer.MixinTargetContext.prepareInjections(MixinTargetContext.java:1396) ~[sponge-mixin-0.17.0+mixin.0.8.7.jar:0.17.0+mixin.0.8.7]
	at org.spongepowered.asm.mixin.transformer.MixinApplicatorStandard.prepareInjections(MixinApplicatorStandard.java:731) ~[sponge-mixin-0.17.0+mixin.0.8.7.jar:0.17.0+mixin.0.8.7]
	at org.spongepowered.asm.mixin.transformer.MixinApplicatorStandard.applyMixin(MixinApplicatorStandard.java:315) ~[sponge-mixin-0.17.0+mixin.0.8.7.jar:0.17.0+mixin.0.8.7]
	at org.spongepowered.asm.mixin.transformer.MixinApplicatorStandard.apply(MixinApplicatorStandard.java:246) ~[sponge-mixin-0.17.0+mixin.0.8.7.jar:0.17.0+mixin.0.8.7]
	at org.spongepowered.asm.mixin.transformer.TargetClassContext.apply(TargetClassContext.java:437) ~[sponge-mixin-0.17.0+mixin.0.8.7.jar:0.17.0+mixin.0.8.7]
	at org.spongepowered.asm.mixin.transformer.TargetClassContext.applyMixins(TargetClassContext.java:418) ~[sponge-mixin-0.17.0+mixin.0.8.7.jar:0.17.0+mixin.0.8.7]
	at org.spongepowered.asm.mixin.transformer.MixinProcessor.applyMixins(MixinProcessor.java:352) [sponge-mixin-0.17.0+mixin.0.8.7.jar:0.17.0+mixin.0.8.7]
	at org.spongepowered.asm.mixin.transformer.MixinTransformer.transformClass(MixinTransformer.java:237) [sponge-mixin-0.17.0+mixin.0.8.7.jar:0.17.0+mixin.0.8.7]
	at org.spongepowered.asm.mixin.transformer.MixinTransformer.transformClassBytes(MixinTransformer.java:202) [sponge-mixin-0.17.0+mixin.0.8.7.jar:0.17.0+mixin.0.8.7]
	at net.fabricmc.loader.impl.launch.knot.KnotClassDelegate.getPostMixinClassByteArray(KnotClassDelegate.java:435) [fabric-loader-0.18.4.jar:?]
	at net.fabricmc.loader.impl.launch.knot.KnotClassDelegate.tryLoadClass(KnotClassDelegate.java:336) [fabric-loader-0.18.4.jar:?]
	at net.fabricmc.loader.impl.launch.knot.KnotClassDelegate.loadClass(KnotClassDelegate.java:231) [fabric-loader-0.18.4.jar:?]
	at net.fabricmc.loader.impl.launch.knot.KnotClassLoader.loadClass(KnotClassLoader.java:119) [fabric-loader-0.18.4.jar:?]
	at java.base/java.lang.ClassLoader.loadClass(ClassLoader.java:526) [?:?]
	at knot/net.minecraft.class_310.<init>(class_310.java:657) [client-intermediary.jar:?]
	at knot/net.minecraft.client.main.Main.main(Main.java:249) [client-intermediary.jar:?]
	at net.fabricmc.loader.impl.game.minecraft.MinecraftGameProvider.launch(MinecraftGameProvider.java:514) [fabric-loader-0.18.4.jar:?]
	at net.fabricmc.loader.impl.launch.knot.Knot.launch(Knot.java:72) [fabric-loader-0.18.4.jar:?]
	at net.fabricmc.loader.impl.launch.knot.KnotClient.main(KnotClient.java:23) [fabric-loader-0.18.4.jar:?]
[22:01:14] [Render thread/INFO]: [FastQuit] Exiting FastQuit.
[22:01:14] [Render thread/ERROR]: Negative index in crash report handler (10/12)
